<?xml version="1.0" encoding="UTF-8"?>
<coverage generated="1527568711876" clover="3.2.0">
  <project timestamp="1527568711876" name="All files">
    <metrics statements="44" coveredstatements="23" conditionals="10" coveredconditionals="2" methods="26" coveredmethods="9" elements="80" coveredelements="34" complexity="0" loc="44" ncloc="44" packages="2" files="5" classes="5">
      <package name="SampleRN">
        <metrics statements="1" coveredstatements="1" conditionals="0" coveredconditionals="0" methods="0" coveredmethods="0"/>
        <file name="setupJest.js" path="/Users/stellent/Desktop/SampleRN/setupJest.js">
          <metrics statements="1" coveredstatements="1" conditionals="0" coveredconditionals="0" methods="0" coveredmethods="0"/>
          <line num="1" count="3" type="stmt"/>
        </file>
      </package>
      <package name="SampleRN.Src">
        <metrics statements="43" coveredstatements="22" conditionals="10" coveredconditionals="2" methods="26" coveredmethods="9"/>
        <file name="CustomNavbar.js" path="/Users/stellent/Desktop/SampleRN/Src/CustomNavbar.js">
          <metrics statements="4" coveredstatements="4" conditionals="0" coveredconditionals="0" methods="2" coveredmethods="2"/>
          <line num="14" count="1" type="stmt"/>
          <line num="15" count="1" type="stmt"/>
          <line num="20" count="1" type="stmt"/>
          <line num="28" count="2" type="stmt"/>
        </file>
        <file name="Index.js" path="/Users/stellent/Desktop/SampleRN/Src/Index.js">
          <metrics statements="4" coveredstatements="2" conditionals="0" coveredconditionals="0" methods="3" coveredmethods="1"/>
          <line num="15" count="1" type="stmt"/>
          <line num="20" count="0" type="stmt"/>
          <line num="25" count="0" type="stmt"/>
          <line num="35" count="1" type="stmt"/>
        </file>
        <file name="LoadMore.js" path="/Users/stellent/Desktop/SampleRN/Src/LoadMore.js">
          <metrics statements="24" coveredstatements="10" conditionals="10" coveredconditionals="2" methods="14" coveredmethods="4"/>
          <line num="6" count="1" type="stmt"/>
          <line num="7" count="1" type="stmt"/>
          <line num="8" count="1" type="stmt"/>
          <line num="9" count="1" type="stmt"/>
          <line num="19" count="1" type="cond" truecount="1" falsecount="1"/>
          <line num="22" count="1" type="stmt"/>
          <line num="23" count="0" type="stmt"/>
          <line num="26" count="0" type="stmt"/>
          <line num="31" count="0" type="stmt"/>
          <line num="32" count="0" type="stmt"/>
          <line num="34" count="0" type="stmt"/>
          <line num="45" count="1" type="stmt"/>
          <line num="46" count="0" type="stmt"/>
          <line num="47" count="0" type="stmt"/>
          <line num="49" count="0" type="stmt"/>
          <line num="50" count="0" type="stmt"/>
          <line num="51" count="0" type="stmt"/>
          <line num="61" count="1" type="cond" truecount="1" falsecount="1"/>
          <line num="62" count="1" type="stmt"/>
          <line num="68" count="0" type="stmt"/>
          <line num="72" count="0" type="stmt"/>
          <line num="89" count="0" type="stmt"/>
          <line num="91" count="0" type="stmt"/>
          <line num="105" count="1" type="stmt"/>
        </file>
        <file name="Login.js" path="/Users/stellent/Desktop/SampleRN/Src/Login.js">
          <metrics statements="11" coveredstatements="6" conditionals="0" coveredconditionals="0" methods="7" coveredmethods="2"/>
          <line num="14" count="1" type="stmt"/>
          <line num="15" count="1" type="stmt"/>
          <line num="18" count="1" type="stmt"/>
          <line num="19" count="1" type="stmt"/>
          <line num="26" count="1" type="stmt"/>
          <line num="33" count="0" type="stmt"/>
          <line num="45" count="0" type="stmt"/>
          <line num="54" count="0" type="stmt"/>
          <line num="57" count="0" type="stmt"/>
          <line num="60" count="0" type="stmt"/>
          <line num="69" count="1" type="stmt"/>
        </file>
      </package>
    </metrics>
  </project>
</coverage>
