{"/Users/stellent/Desktop/SampleRN/setupJest.js": {"path":"/Users/stellent/Desktop/SampleRN/setupJest.js","statementMap":{"0":{"start":{"line":1,"column":0},"end":{"line":1,"column":41}}},"fnMap":{},"branchMap":{},"s":{"0":3},"f":{},"b":{},"_coverageSchema":"332fd63041d2c1bcb487cc26dd0d5f7d97098a6c","hash":"355a85bd9457b8ae979be505cfeedba3e2ed7cc9"}
,"/Users/stellent/Desktop/SampleRN/Src/CustomNavbar.js": {"path":"/Users/stellent/Desktop/SampleRN/Src/CustomNavbar.js","statementMap":{"0":{"start":{"line":14,"column":4},"end":{"line":14,"column":16}},"1":{"start":{"line":15,"column":4},"end":{"line":17,"column":5}},"2":{"start":{"line":20,"column":4},"end":{"line":24,"column":5}},"3":{"start":{"line":28,"column":15},"end":{"line":55,"column":2}}},"fnMap":{"0":{"name":"(anonymous_0)","decl":{"start":{"line":13,"column":2},"end":{"line":13,"column":3}},"loc":{"start":{"line":13,"column":21},"end":{"line":18,"column":3}},"line":13},"1":{"name":"(anonymous_1)","decl":{"start":{"line":19,"column":2},"end":{"line":19,"column":3}},"loc":{"start":{"line":19,"column":11},"end":{"line":25,"column":3}},"line":19}},"branchMap":{},"s":{"0":1,"1":1,"2":1,"3":2},"f":{"0":1,"1":1},"b":{},"_coverageSchema":"332fd63041d2c1bcb487cc26dd0d5f7d97098a6c","hash":"3d6bc1424440d858ec26432125627d4668389d38"}
,"/Users/stellent/Desktop/SampleRN/Src/Index.js": {"path":"/Users/stellent/Desktop/SampleRN/Src/Index.js","statementMap":{"0":{"start":{"line":15,"column":4},"end":{"line":31,"column":5}},"1":{"start":{"line":20,"column":41},"end":{"line":20,"column":56}},"2":{"start":{"line":25,"column":41},"end":{"line":25,"column":59}},"3":{"start":{"line":35,"column":15},"end":{"line":55,"column":2}}},"fnMap":{"0":{"name":"(anonymous_0)","decl":{"start":{"line":14,"column":2},"end":{"line":14,"column":3}},"loc":{"start":{"line":14,"column":11},"end":{"line":32,"column":3}},"line":14},"1":{"name":"(anonymous_1)","decl":{"start":{"line":20,"column":35},"end":{"line":20,"column":36}},"loc":{"start":{"line":20,"column":41},"end":{"line":20,"column":56}},"line":20},"2":{"name":"(anonymous_2)","decl":{"start":{"line":25,"column":35},"end":{"line":25,"column":36}},"loc":{"start":{"line":25,"column":41},"end":{"line":25,"column":59}},"line":25}},"branchMap":{},"s":{"0":1,"1":0,"2":0,"3":1},"f":{"0":1,"1":0,"2":0},"b":{},"_coverageSchema":"332fd63041d2c1bcb487cc26dd0d5f7d97098a6c","hash":"65ff5010a5edadfd052c8311f9ed9e126f62ca86"}
,"/Users/stellent/Desktop/SampleRN/Src/LoadMore.js": {"path":"/Users/stellent/Desktop/SampleRN/Src/LoadMore.js","statementMap":{"0":{"start":{"line":6,"column":4},"end":{"line":6,"column":16}},"1":{"start":{"line":7,"column":4},"end":{"line":7,"column":47}},"2":{"start":{"line":8,"column":4},"end":{"line":8,"column":47}},"3":{"start":{"line":9,"column":4},"end":{"line":15,"column":5}},"4":{"start":{"line":19,"column":19},"end":{"line":19,"column":88}},"5":{"start":{"line":22,"column":4},"end":{"line":27,"column":8}},"6":{"start":{"line":23,"column":24},"end":{"line":23,"column":39}},"7":{"start":{"line":26,"column":8},"end":{"line":26,"column":28}},"8":{"start":{"line":31,"column":4},"end":{"line":40,"column":6}},"9":{"start":{"line":32,"column":19},"end":{"line":32,"column":70}},"10":{"start":{"line":34,"column":6},"end":{"line":39,"column":8}},"11":{"start":{"line":45,"column":4},"end":{"line":57,"column":6}},"12":{"start":{"line":46,"column":15},"end":{"line":48,"column":8}},"13":{"start":{"line":47,"column":35},"end":{"line":47,"column":44}},"14":{"start":{"line":49,"column":19},"end":{"line":49,"column":45}},"15":{"start":{"line":50,"column":6},"end":{"line":50,"column":64}},"16":{"start":{"line":51,"column":6},"end":{"line":56,"column":8}},"17":{"start":{"line":61,"column":4},"end":{"line":101,"column":5}},"18":{"start":{"line":62,"column":6},"end":{"line":66,"column":7}},"19":{"start":{"line":68,"column":6},"end":{"line":100,"column":7}},"20":{"start":{"line":72,"column":12},"end":{"line":87,"column":13}},"21":{"start":{"line":89,"column":30},"end":{"line":89,"column":92}},"22":{"start":{"line":89,"column":75},"end":{"line":89,"column":91}},"23":{"start":{"line":91,"column":12},"end":{"line":97,"column":13}},"24":{"start":{"line":105,"column":15},"end":{"line":133,"column":2}}},"fnMap":{"0":{"name":"(anonymous_0)","decl":{"start":{"line":5,"column":2},"end":{"line":5,"column":3}},"loc":{"start":{"line":5,"column":21},"end":{"line":16,"column":3}},"line":5},"1":{"name":"(anonymous_1)","decl":{"start":{"line":18,"column":2},"end":{"line":18,"column":3}},"loc":{"start":{"line":18,"column":23},"end":{"line":28,"column":3}},"line":18},"2":{"name":"(anonymous_2)","decl":{"start":{"line":23,"column":12},"end":{"line":23,"column":13}},"loc":{"start":{"line":23,"column":24},"end":{"line":23,"column":39}},"line":23},"3":{"name":"(anonymous_3)","decl":{"start":{"line":25,"column":13},"end":{"line":25,"column":14}},"loc":{"start":{"line":25,"column":22},"end":{"line":27,"column":7}},"line":25},"4":{"name":"(anonymous_4)","decl":{"start":{"line":30,"column":2},"end":{"line":30,"column":3}},"loc":{"start":{"line":30,"column":15},"end":{"line":41,"column":3}},"line":30},"5":{"name":"(anonymous_5)","decl":{"start":{"line":31,"column":19},"end":{"line":31,"column":20}},"loc":{"start":{"line":31,"column":35},"end":{"line":40,"column":5}},"line":31},"6":{"name":"(anonymous_6)","decl":{"start":{"line":43,"column":2},"end":{"line":43,"column":3}},"loc":{"start":{"line":43,"column":22},"end":{"line":58,"column":3}},"line":43},"7":{"name":"(anonymous_7)","decl":{"start":{"line":45,"column":19},"end":{"line":45,"column":20}},"loc":{"start":{"line":45,"column":35},"end":{"line":57,"column":5}},"line":45},"8":{"name":"(anonymous_8)","decl":{"start":{"line":47,"column":23},"end":{"line":47,"column":24}},"loc":{"start":{"line":47,"column":35},"end":{"line":47,"column":44}},"line":47},"9":{"name":"(anonymous_9)","decl":{"start":{"line":60,"column":2},"end":{"line":60,"column":3}},"loc":{"start":{"line":60,"column":11},"end":{"line":102,"column":3}},"line":60},"10":{"name":"(anonymous_10)","decl":{"start":{"line":71,"column":21},"end":{"line":71,"column":22}},"loc":{"start":{"line":71,"column":32},"end":{"line":88,"column":11}},"line":71},"11":{"name":"(anonymous_11)","decl":{"start":{"line":89,"column":24},"end":{"line":89,"column":25}},"loc":{"start":{"line":89,"column":30},"end":{"line":89,"column":92}},"line":89},"12":{"name":"(anonymous_12)","decl":{"start":{"line":89,"column":69},"end":{"line":89,"column":70}},"loc":{"start":{"line":89,"column":75},"end":{"line":89,"column":91}},"line":89},"13":{"name":"(anonymous_13)","decl":{"start":{"line":90,"column":24},"end":{"line":90,"column":25}},"loc":{"start":{"line":90,"column":30},"end":{"line":98,"column":11}},"line":90}},"branchMap":{"0":{"loc":{"start":{"line":19,"column":19},"end":{"line":19,"column":88}},"type":"cond-expr","locations":[{"start":{"line":19,"column":50},"end":{"line":19,"column":83}},{"start":{"line":19,"column":86},"end":{"line":19,"column":88}}],"line":19},"1":{"loc":{"start":{"line":61,"column":4},"end":{"line":101,"column":5}},"type":"if","locations":[{"start":{"line":61,"column":4},"end":{"line":101,"column":5}},{"start":{"line":61,"column":4},"end":{"line":101,"column":5}}],"line":61},"2":{"loc":{"start":{"line":78,"column":27},"end":{"line":78,"column":155}},"type":"cond-expr","locations":[{"start":{"line":78,"column":92},"end":{"line":78,"column":131}},{"start":{"line":78,"column":134},"end":{"line":78,"column":155}}],"line":78},"3":{"loc":{"start":{"line":78,"column":27},"end":{"line":78,"column":89}},"type":"binary-expr","locations":[{"start":{"line":78,"column":27},"end":{"line":78,"column":55}},{"start":{"line":78,"column":59},"end":{"line":78,"column":89}}],"line":78},"4":{"loc":{"start":{"line":92,"column":14},"end":{"line":96,"column":15}},"type":"binary-expr","locations":[{"start":{"line":92,"column":14},"end":{"line":92,"column":38}},{"start":{"line":93,"column":16},"end":{"line":95,"column":23}}],"line":92}},"s":{"0":1,"1":1,"2":1,"3":1,"4":1,"5":1,"6":0,"7":0,"8":0,"9":0,"10":0,"11":1,"12":0,"13":0,"14":0,"15":0,"16":0,"17":1,"18":1,"19":0,"20":0,"21":0,"22":0,"23":0,"24":1},"f":{"0":1,"1":1,"2":0,"3":0,"4":0,"5":0,"6":1,"7":0,"8":0,"9":1,"10":0,"11":0,"12":0,"13":0},"b":{"0":[0,1],"1":[1,0],"2":[0,0],"3":[0,0],"4":[0,0]},"_coverageSchema":"332fd63041d2c1bcb487cc26dd0d5f7d97098a6c","hash":"f06bc76ac926caa74e87f64a6f935a2a8f594f6d"}
,"/Users/stellent/Desktop/SampleRN/Src/Login.js": {"path":"/Users/stellent/Desktop/SampleRN/Src/Login.js","statementMap":{"0":{"start":{"line":14,"column":15},"end":{"line":14,"column":46}},"1":{"start":{"line":15,"column":14},"end":{"line":15,"column":44}},"2":{"start":{"line":18,"column":4},"end":{"line":18,"column":16}},"3":{"start":{"line":19,"column":4},"end":{"line":22,"column":5}},"4":{"start":{"line":26,"column":4},"end":{"line":65,"column":5}},"5":{"start":{"line":33,"column":35},"end":{"line":33,"column":59}},"6":{"start":{"line":45,"column":38},"end":{"line":45,"column":65}},"7":{"start":{"line":54,"column":43},"end":{"line":54,"column":58}},"8":{"start":{"line":57,"column":43},"end":{"line":57,"column":58}},"9":{"start":{"line":60,"column":43},"end":{"line":60,"column":56}},"10":{"start":{"line":69,"column":15},"end":{"line":117,"column":2}}},"fnMap":{"0":{"name":"(anonymous_0)","decl":{"start":{"line":17,"column":2},"end":{"line":17,"column":3}},"loc":{"start":{"line":17,"column":21},"end":{"line":23,"column":3}},"line":17},"1":{"name":"(anonymous_1)","decl":{"start":{"line":25,"column":2},"end":{"line":25,"column":3}},"loc":{"start":{"line":25,"column":11},"end":{"line":66,"column":3}},"line":25},"2":{"name":"(anonymous_2)","decl":{"start":{"line":33,"column":26},"end":{"line":33,"column":27}},"loc":{"start":{"line":33,"column":35},"end":{"line":33,"column":59}},"line":33},"3":{"name":"(anonymous_3)","decl":{"start":{"line":45,"column":26},"end":{"line":45,"column":27}},"loc":{"start":{"line":45,"column":38},"end":{"line":45,"column":65}},"line":45},"4":{"name":"(anonymous_4)","decl":{"start":{"line":54,"column":37},"end":{"line":54,"column":38}},"loc":{"start":{"line":54,"column":43},"end":{"line":54,"column":58}},"line":54},"5":{"name":"(anonymous_5)","decl":{"start":{"line":57,"column":37},"end":{"line":57,"column":38}},"loc":{"start":{"line":57,"column":43},"end":{"line":57,"column":58}},"line":57},"6":{"name":"(anonymous_6)","decl":{"start":{"line":60,"column":37},"end":{"line":60,"column":38}},"loc":{"start":{"line":60,"column":43},"end":{"line":60,"column":56}},"line":60}},"branchMap":{},"s":{"0":1,"1":1,"2":1,"3":1,"4":1,"5":0,"6":0,"7":0,"8":0,"9":0,"10":1},"f":{"0":1,"1":1,"2":0,"3":0,"4":0,"5":0,"6":0},"b":{},"_coverageSchema":"332fd63041d2c1bcb487cc26dd0d5f7d97098a6c","hash":"9ed419ec7200bc3940e4c5a89f87d29b38ee6260"}
}
